2023-09-30 10:56:48 INFO  LogerClass:46 - *******  we are ready to lounch the Chrome browser  ******
2023-09-30 10:56:52 INFO  LogerClass:101 - login with valid crendential
2023-09-30 10:56:53 INFO  LogerClass:107 - Click on login button 
2023-09-30 10:56:53 INFO  LogerClass:30 - login with valid credential 
2023-09-30 10:56:53 INFO  LogerClass:40 - valdiate homepage title
2023-09-30 10:56:54 INFO  LogerClass:74 - ********* we are ready to closed the Browser ***********
2023-10-06 18:50:30 INFO  LogerClass:49 - *******  we are ready to lounch the Chrome browser  ******
2023-10-06 18:50:43 INFO  LogerClass:36 - log to search hotel first
2023-10-06 18:50:43 INFO  LogerClass:64 - login with valid crendential
2023-10-06 18:50:45 INFO  LogerClass:72 - Click on login button 
2023-10-06 18:50:45 INFO  LogerClass:284 - select the location 
2023-10-06 18:50:47 INFO  LogerClass:290 - select the hotel 
2023-10-06 18:50:49 INFO  LogerClass:294 - select the room type 
2023-10-06 18:50:51 INFO  LogerClass:298 - enter the check in date
2023-10-06 18:50:52 INFO  LogerClass:302 - enter the checkout date  
2023-10-06 18:50:54 INFO  LogerClass:306 - select the adult per room 
2023-10-06 18:50:56 INFO  LogerClass:310 - select the children per room
2023-10-06 18:50:58 INFO  LogerClass:314 - click on search button 
2023-10-06 18:50:58 INFO  LogerClass:44 - select the hotel button
2023-10-06 18:51:00 INFO  LogerClass:49 - fill the neccesory details
2023-10-06 18:51:00 INFO  LogerClass:53 - enter name
2023-10-06 18:51:00 INFO  LogerClass:58 - enter last name  
2023-10-06 18:51:00 INFO  LogerClass:63 - enter address
2023-10-06 18:51:00 INFO  LogerClass:66 - enter credit cards 
2023-10-06 18:51:07 INFO  LogerClass:77 - ********* we are ready to closed the Browser ***********
2023-10-06 19:17:41 INFO  LogerClass:49 - *******  we are ready to lounch the Chrome browser  ******
2023-10-06 19:17:54 INFO  LogerClass:36 - log to search hotel first
2023-10-06 19:17:54 INFO  LogerClass:64 - login with valid crendential
2023-10-06 19:17:55 INFO  LogerClass:72 - Click on login button 
2023-10-06 19:17:55 INFO  LogerClass:284 - select the location 
2023-10-06 19:17:57 INFO  LogerClass:290 - select the hotel 
2023-10-06 19:17:59 INFO  LogerClass:294 - select the room type 
2023-10-06 19:18:01 INFO  LogerClass:298 - enter the check in date
2023-10-06 19:18:02 INFO  LogerClass:302 - enter the checkout date  
2023-10-06 19:18:04 INFO  LogerClass:306 - select the adult per room 
2023-10-06 19:18:06 INFO  LogerClass:310 - select the children per room
2023-10-06 19:18:08 INFO  LogerClass:314 - click on search button 
2023-10-06 19:18:09 INFO  LogerClass:44 - select the hotel button
2023-10-06 19:18:10 INFO  LogerClass:49 - fill the neccesory details
2023-10-06 19:18:10 INFO  LogerClass:53 - enter name
2023-10-06 19:18:10 INFO  LogerClass:58 - enter last name  
2023-10-06 19:18:10 INFO  LogerClass:63 - enter address
2023-10-06 19:18:10 INFO  LogerClass:66 - enter credit cards 
2023-10-06 19:18:18 INFO  LogerClass:77 - ********* we are ready to closed the Browser ***********
2023-10-06 19:38:06 INFO  LogerClass:49 - *******  we are ready to lounch the Chrome browser  ******
2023-10-06 19:38:12 INFO  LogerClass:36 - log to search hotel first
2023-10-06 19:38:12 INFO  LogerClass:64 - login with valid crendential
2023-10-06 19:38:13 INFO  LogerClass:72 - Click on login button 
2023-10-06 19:38:13 INFO  LogerClass:284 - select the location 
2023-10-06 19:38:15 INFO  LogerClass:290 - select the hotel 
2023-10-06 19:38:17 INFO  LogerClass:294 - select the room type 
2023-10-06 19:38:19 INFO  LogerClass:298 - enter the check in date
2023-10-06 19:38:20 INFO  LogerClass:302 - enter the checkout date  
2023-10-06 19:38:22 INFO  LogerClass:306 - select the adult per room 
2023-10-06 19:38:23 INFO  LogerClass:310 - select the children per room
2023-10-06 19:38:25 INFO  LogerClass:314 - click on search button 
2023-10-06 19:38:26 INFO  LogerClass:44 - select the hotel button
2023-10-06 19:38:27 INFO  LogerClass:49 - fill the neccesory details
2023-10-06 19:38:27 INFO  LogerClass:53 - enter name
2023-10-06 19:38:27 INFO  LogerClass:58 - enter last name  
2023-10-06 19:38:27 INFO  LogerClass:63 - enter address
2023-10-06 19:38:27 INFO  LogerClass:66 - enter credit cards 
2023-10-06 19:38:34 INFO  LogerClass:77 - ********* we are ready to closed the Browser ***********
2023-10-06 20:08:15 INFO  LogerClass:49 - *******  we are ready to lounch the Chrome browser  ******
2023-10-06 20:08:21 INFO  LogerClass:36 - log to search hotel first
2023-10-06 20:08:21 INFO  LogerClass:64 - login with valid crendential
2023-10-06 20:08:22 INFO  LogerClass:72 - Click on login button 
2023-10-06 20:08:22 INFO  LogerClass:284 - select the location 
2023-10-06 20:08:24 INFO  LogerClass:290 - select the hotel 
2023-10-06 20:08:26 INFO  LogerClass:294 - select the room type 
2023-10-06 20:08:28 INFO  LogerClass:298 - enter the check in date
2023-10-06 20:08:29 INFO  LogerClass:302 - enter the checkout date  
2023-10-06 20:08:31 INFO  LogerClass:306 - select the adult per room 
2023-10-06 20:08:33 INFO  LogerClass:310 - select the children per room
2023-10-06 20:08:35 INFO  LogerClass:314 - click on search button 
2023-10-06 20:08:37 INFO  LogerClass:44 - select the hotel button
2023-10-06 20:08:38 INFO  LogerClass:49 - fill the neccesory details
2023-10-06 20:08:38 INFO  LogerClass:53 - enter name
2023-10-06 20:08:39 INFO  LogerClass:58 - enter last name  
2023-10-06 20:08:39 INFO  LogerClass:63 - enter address
2023-10-06 20:08:39 INFO  LogerClass:66 - enter credit cards 
2023-10-06 20:08:46 INFO  LogerClass:77 - ********* we are ready to closed the Browser ***********
2023-10-06 20:12:30 INFO  LogerClass:49 - *******  we are ready to lounch the Chrome browser  ******
2023-10-06 20:12:36 INFO  LogerClass:36 - log to search hotel first
2023-10-06 20:12:36 INFO  LogerClass:64 - login with valid crendential
2023-10-06 20:12:37 INFO  LogerClass:72 - Click on login button 
2023-10-06 20:12:37 INFO  LogerClass:284 - select the location 
2023-10-06 20:12:39 INFO  LogerClass:290 - select the hotel 
2023-10-06 20:12:41 INFO  LogerClass:294 - select the room type 
2023-10-06 20:12:42 INFO  LogerClass:298 - enter the check in date
2023-10-06 20:12:44 INFO  LogerClass:302 - enter the checkout date  
2023-10-06 20:12:46 INFO  LogerClass:306 - select the adult per room 
2023-10-06 20:12:47 INFO  LogerClass:310 - select the children per room
2023-10-06 20:12:49 INFO  LogerClass:314 - click on search button 
2023-10-06 20:12:50 INFO  LogerClass:44 - select the hotel button
2023-10-06 20:12:51 INFO  LogerClass:49 - fill the neccesory details
2023-10-06 20:12:51 INFO  LogerClass:53 - enter name
2023-10-06 20:12:51 INFO  LogerClass:58 - enter last name  
2023-10-06 20:12:51 INFO  LogerClass:63 - enter address
2023-10-06 20:12:51 INFO  LogerClass:66 - enter credit cards 
2023-10-06 20:12:58 INFO  LogerClass:77 - ********* we are ready to closed the Browser ***********
2023-10-07 23:57:17 INFO  LogerClass:44 - *******  we are ready to lounch the Chrome browser  ******
2023-10-07 23:57:25 INFO  LogerClass:36 - log to search hotel first
2023-10-07 23:57:25 INFO  LogerClass:64 - login with valid crendential
2023-10-07 23:57:26 INFO  LogerClass:72 - Click on login button 
2023-10-07 23:57:26 INFO  LogerClass:282 - select the location 
2023-10-07 23:57:28 INFO  LogerClass:288 - select the hotel 
2023-10-07 23:57:30 INFO  LogerClass:292 - select the room type 
2023-10-07 23:57:32 INFO  LogerClass:296 - enter the check in date
2023-10-07 23:57:34 INFO  LogerClass:300 - enter the checkout date  
2023-10-07 23:57:35 INFO  LogerClass:304 - select the adult per room 
2023-10-07 23:57:37 INFO  LogerClass:308 - select the children per room
2023-10-07 23:57:39 INFO  LogerClass:312 - click on search button 
2023-10-07 23:57:39 INFO  LogerClass:44 - select the hotel button
2023-10-07 23:57:40 INFO  LogerClass:49 - fill the neccesory details
2023-10-07 23:57:40 INFO  LogerClass:53 - enter name
2023-10-07 23:57:40 INFO  LogerClass:58 - enter last name  
2023-10-07 23:57:41 INFO  LogerClass:63 - enter address
2023-10-07 23:57:41 INFO  LogerClass:66 - enter credit cards 
2023-10-07 23:57:48 INFO  LogerClass:72 - ********* we are ready to closed the Browser ***********
2023-10-10 00:00:32 INFO  LogerClass:45 - *******  we are ready to lounch the Chrome browser  ******
2023-10-10 00:00:51 INFO  LogerClass:36 - log to search hotel first
2023-10-10 00:00:52 INFO  LogerClass:64 - login with valid crendential
2023-10-10 00:00:53 INFO  LogerClass:72 - Click on login button 
2023-10-10 00:00:53 INFO  LogerClass:282 - select the location 
2023-10-10 00:00:55 INFO  LogerClass:288 - select the hotel 
2023-10-10 00:00:57 INFO  LogerClass:292 - select the room type 
2023-10-10 00:00:59 INFO  LogerClass:296 - enter the check in date
2023-10-10 00:01:00 INFO  LogerClass:300 - enter the checkout date  
2023-10-10 00:01:02 INFO  LogerClass:304 - select the adult per room 
2023-10-10 00:01:04 INFO  LogerClass:308 - select the children per room
2023-10-10 00:01:06 INFO  LogerClass:312 - click on search button 
2023-10-10 00:01:07 INFO  LogerClass:44 - select the hotel button
2023-10-10 00:01:08 INFO  LogerClass:49 - fill the neccesory details
2023-10-10 00:01:08 INFO  LogerClass:53 - enter name
2023-10-10 00:01:09 INFO  LogerClass:58 - enter last name  
2023-10-10 00:01:09 INFO  LogerClass:63 - enter address
2023-10-10 00:01:09 INFO  LogerClass:66 - enter credit cards 
2023-10-10 00:01:16 INFO  LogerClass:73 - ********* we are ready to closed the Browser ***********
2023-10-10 00:21:41 INFO  LogerClass:46 - *******  we are ready to lounch the Chrome browser  ******
2023-10-10 00:21:50 INFO  LogerClass:36 - log to search hotel first
2023-10-10 00:21:50 INFO  LogerClass:64 - login with valid crendential
2023-10-10 00:21:52 INFO  LogerClass:72 - Click on login button 
2023-10-10 00:21:52 INFO  LogerClass:282 - select the location 
2023-10-10 00:21:54 INFO  LogerClass:288 - select the hotel 
2023-10-10 00:21:55 INFO  LogerClass:292 - select the room type 
2023-10-10 00:21:57 INFO  LogerClass:296 - enter the check in date
2023-10-10 00:21:59 INFO  LogerClass:300 - enter the checkout date  
2023-10-10 00:22:01 INFO  LogerClass:304 - select the adult per room 
2023-10-10 00:22:02 INFO  LogerClass:308 - select the children per room
2023-10-10 00:22:04 INFO  LogerClass:312 - click on search button 
2023-10-10 00:22:05 INFO  LogerClass:44 - select the hotel button
2023-10-10 00:22:06 INFO  LogerClass:49 - fill the neccesory details
2023-10-10 00:22:06 INFO  LogerClass:53 - enter name
2023-10-10 00:22:06 INFO  LogerClass:58 - enter last name  
2023-10-10 00:22:06 INFO  LogerClass:63 - enter address
2023-10-10 00:22:06 INFO  LogerClass:66 - enter credit cards 
2023-10-10 00:22:13 INFO  LogerClass:75 - ********* we are ready to closed the Browser ***********
2023-10-13 22:31:12 INFO  LogerClass:46 - *******  we are ready to lounch the Chrome browser  ******
2023-10-13 22:31:12 INFO  LogerClass:46 - *******  we are ready to lounch the Chrome browser  ******
2023-10-13 22:31:40 INFO  LogerClass:36 - login with valid crendetial
2023-10-13 22:31:40 INFO  LogerClass:38 - validate homepage current url 
2023-10-13 22:31:41 INFO  LogerClass:75 - ********* we are ready to closed the Browser ***********
2023-10-13 22:31:42 INFO  LogerClass:36 - login with valid crendetial
2023-10-13 22:31:42 INFO  LogerClass:38 - validate homepage current url 
2023-10-13 22:31:43 INFO  LogerClass:75 - ********* we are ready to closed the Browser ***********
2023-10-13 22:33:13 INFO  LogerClass:46 - *******  we are ready to lounch the Chrome browser  ******
2023-10-13 22:33:22 INFO  LogerClass:36 - login with valid crendetial
2023-10-13 22:33:22 INFO  LogerClass:38 - validate homepage current url 
2023-10-13 22:33:23 INFO  LogerClass:75 - ********* we are ready to closed the Browser ***********
2023-10-13 22:33:38 INFO  LogerClass:46 - *******  we are ready to lounch the Chrome browser  ******
2023-10-13 22:33:38 INFO  LogerClass:46 - *******  we are ready to lounch the Chrome browser  ******
2023-10-13 22:33:51 INFO  LogerClass:31 - login with valid credential 
2023-10-13 22:33:51 INFO  LogerClass:41 - valdiate homepage title
2023-10-13 22:33:51 INFO  LogerClass:75 - ********* we are ready to closed the Browser ***********
2023-10-13 22:33:53 INFO  LogerClass:31 - login with valid credential 
2023-10-13 22:33:53 INFO  LogerClass:41 - valdiate homepage title
2023-10-13 22:33:53 INFO  LogerClass:75 - ********* we are ready to closed the Browser ***********
2023-10-13 22:35:15 INFO  LogerClass:46 - *******  we are ready to lounch the Chrome browser  ******
2023-10-13 22:35:23 INFO  LogerClass:36 - login with valid crendetial
2023-10-13 22:35:23 INFO  LogerClass:38 - validate homepage current url 
2023-10-13 22:35:24 INFO  LogerClass:75 - ********* we are ready to closed the Browser ***********
2023-10-13 22:35:45 INFO  LogerClass:46 - *******  we are ready to lounch the Chrome browser  ******
2023-10-13 22:35:53 INFO  LogerClass:36 - login with valid crendetial
2023-10-13 22:35:53 INFO  LogerClass:38 - validate homepage current url 
2023-10-13 22:35:53 INFO  LogerClass:75 - ********* we are ready to closed the Browser ***********
2023-10-14 22:46:00 INFO  LogerClass:46 - *******  we are ready to lounch the Chrome browser  ******
2023-10-14 22:46:27 INFO  LogerClass:64 - login with valid crendential
2023-10-14 22:46:30 INFO  LogerClass:72 - Click on login button 
2023-10-14 22:46:31 INFO  LogerClass:47 - select the location 
2023-10-14 22:46:33 INFO  LogerClass:53 - select the hotel 
2023-10-14 22:46:35 INFO  LogerClass:57 - select the room type 
2023-10-14 22:46:37 INFO  LogerClass:61 - enter the check in date
2023-10-14 22:46:38 INFO  LogerClass:65 - enter the checkout date  
2023-10-14 22:46:40 INFO  LogerClass:69 - select the adult per room 
2023-10-14 22:46:42 INFO  LogerClass:73 - select the children per room
2023-10-14 22:46:43 INFO  LogerClass:77 - click on search button 
2023-10-14 22:46:43 INFO  LogerClass:86 - verify the error message
2023-10-14 22:46:44 INFO  LogerClass:75 - ********* we are ready to closed the Browser ***********
2023-10-14 22:46:44 INFO  LogerClass:46 - *******  we are ready to lounch the Chrome browser  ******
2023-10-14 22:46:55 INFO  LogerClass:64 - login with valid crendential
2023-10-14 22:46:56 INFO  LogerClass:72 - Click on login button 
2023-10-14 22:46:56 INFO  LogerClass:47 - select the location 
2023-10-14 22:46:58 INFO  LogerClass:53 - select the hotel 
2023-10-14 22:47:00 INFO  LogerClass:57 - select the room type 
2023-10-14 22:47:02 INFO  LogerClass:61 - enter the check in date
2023-10-14 22:47:04 INFO  LogerClass:65 - enter the checkout date  
2023-10-14 22:47:05 INFO  LogerClass:69 - select the adult per room 
2023-10-14 22:47:07 INFO  LogerClass:73 - select the children per room
2023-10-14 22:47:09 INFO  LogerClass:77 - click on search button 
2023-10-14 22:47:09 INFO  LogerClass:86 - verify the error message
2023-10-14 22:47:10 INFO  LogerClass:75 - ********* we are ready to closed the Browser ***********
2023-10-14 22:47:10 INFO  LogerClass:46 - *******  we are ready to lounch the Chrome browser  ******
2023-10-14 22:47:17 INFO  LogerClass:64 - login with valid crendential
2023-10-14 22:47:19 INFO  LogerClass:72 - Click on login button 
2023-10-14 22:47:19 INFO  LogerClass:47 - select the location 
2023-10-14 22:47:21 INFO  LogerClass:53 - select the hotel 
2023-10-14 22:47:23 INFO  LogerClass:57 - select the room type 
2023-10-14 22:47:25 INFO  LogerClass:61 - enter the check in date
2023-10-14 22:47:26 INFO  LogerClass:65 - enter the checkout date  
2023-10-14 22:47:28 INFO  LogerClass:69 - select the adult per room 
2023-10-14 22:47:30 INFO  LogerClass:73 - select the children per room
2023-10-14 22:47:31 INFO  LogerClass:77 - click on search button 
2023-10-14 22:47:32 INFO  LogerClass:86 - verify the error message
2023-10-14 22:47:32 INFO  LogerClass:75 - ********* we are ready to closed the Browser ***********
2023-10-14 22:47:32 INFO  LogerClass:46 - *******  we are ready to lounch the Chrome browser  ******
2023-10-14 22:47:43 INFO  LogerClass:64 - login with valid crendential
2023-10-14 22:47:45 INFO  LogerClass:72 - Click on login button 
2023-10-14 22:47:45 INFO  LogerClass:47 - select the location 
2023-10-14 22:47:47 INFO  LogerClass:53 - select the hotel 
2023-10-14 22:47:49 INFO  LogerClass:57 - select the room type 
2023-10-14 22:47:51 INFO  LogerClass:61 - enter the check in date
2023-10-14 22:47:53 INFO  LogerClass:65 - enter the checkout date  
2023-10-14 22:47:54 INFO  LogerClass:69 - select the adult per room 
2023-10-14 22:47:56 INFO  LogerClass:73 - select the children per room
2023-10-14 22:47:58 INFO  LogerClass:77 - click on search button 
2023-10-14 22:47:58 INFO  LogerClass:86 - verify the error message
2023-10-14 22:47:59 INFO  LogerClass:75 - ********* we are ready to closed the Browser ***********
2023-10-14 22:47:59 INFO  LogerClass:46 - *******  we are ready to lounch the Chrome browser  ******
2023-10-14 22:48:34 INFO  LogerClass:46 - *******  we are ready to lounch the Chrome browser  ******
2023-10-14 22:48:45 INFO  LogerClass:64 - login with valid crendential
2023-10-14 22:48:46 INFO  LogerClass:72 - Click on login button 
2023-10-14 22:48:46 INFO  LogerClass:102 - select the location 
2023-10-14 22:48:48 INFO  LogerClass:108 - select the hotel 
2023-10-14 22:48:50 INFO  LogerClass:112 - select the room type 
2023-10-14 22:48:52 INFO  LogerClass:116 - enter the check in date
2023-10-14 22:48:54 INFO  LogerClass:120 - enter the checkout date  
2023-10-14 22:48:55 INFO  LogerClass:124 - select the adult per room 
2023-10-14 22:48:57 INFO  LogerClass:128 - select the children per room
2023-10-14 22:48:59 INFO  LogerClass:132 - click on search button 
2023-10-14 22:48:59 INFO  LogerClass:139 - validate the title
2023-10-14 22:49:00 INFO  LogerClass:75 - ********* we are ready to closed the Browser ***********
2023-10-14 22:49:01 INFO  LogerClass:46 - *******  we are ready to lounch the Chrome browser  ******
2023-10-14 22:49:12 INFO  LogerClass:64 - login with valid crendential
2023-10-14 22:49:13 INFO  LogerClass:72 - Click on login button 
2023-10-14 22:49:13 INFO  LogerClass:102 - select the location 
2023-10-14 22:49:15 INFO  LogerClass:108 - select the hotel 
2023-10-14 22:49:17 INFO  LogerClass:112 - select the room type 
2023-10-14 22:49:19 INFO  LogerClass:116 - enter the check in date
2023-10-14 22:49:20 INFO  LogerClass:120 - enter the checkout date  
2023-10-14 22:49:22 INFO  LogerClass:124 - select the adult per room 
2023-10-14 22:49:24 INFO  LogerClass:128 - select the children per room
2023-10-14 22:49:26 INFO  LogerClass:132 - click on search button 
2023-10-14 22:49:27 INFO  LogerClass:139 - validate the title
2023-10-14 22:49:27 INFO  LogerClass:75 - ********* we are ready to closed the Browser ***********
2023-10-14 22:49:27 INFO  LogerClass:46 - *******  we are ready to lounch the Chrome browser  ******
2023-10-14 22:49:39 INFO  LogerClass:75 - ********* we are ready to closed the Browser ***********
2023-10-15 17:50:22 INFO  LogerClass:46 - *******  we are ready to lounch the Chrome browser  ******
2023-10-15 17:50:34 INFO  LogerClass:64 - login with valid crendential
2023-10-15 17:50:36 INFO  LogerClass:72 - Click on login button 
2023-10-15 17:50:36 INFO  LogerClass:47 - validate the arrivaldate and depart date 
2023-10-15 17:50:36 INFO  LogerClass:51 - fill the neccessory data to search hotel 
2023-10-15 17:50:36 INFO  LogerClass:64 - login with valid crendential
2023-10-15 17:51:37 INFO  LogerClass:75 - ********* we are ready to closed the Browser ***********
2023-10-15 17:51:55 INFO  LogerClass:46 - *******  we are ready to lounch the Chrome browser  ******
2023-10-15 17:52:03 INFO  LogerClass:75 - ********* we are ready to closed the Browser ***********
2023-10-15 17:52:29 INFO  LogerClass:46 - *******  we are ready to lounch the Chrome browser  ******
2023-10-15 17:52:36 INFO  LogerClass:47 - validate the arrivaldate and depart date 
2023-10-15 17:52:36 INFO  LogerClass:51 - fill the neccessory data to search hotel 
2023-10-15 17:52:36 INFO  LogerClass:64 - login with valid crendential
2023-10-15 17:52:36 INFO  LogerClass:72 - Click on login button 
2023-10-15 17:52:36 INFO  LogerClass:282 - select the location 
2023-10-15 17:52:38 INFO  LogerClass:288 - select the hotel 
2023-10-15 17:52:40 INFO  LogerClass:292 - select the room type 
2023-10-15 17:52:42 INFO  LogerClass:296 - enter the check in date
2023-10-15 17:52:44 INFO  LogerClass:300 - enter the checkout date  
2023-10-15 17:52:45 INFO  LogerClass:304 - select the adult per room 
2023-10-15 17:52:47 INFO  LogerClass:308 - select the children per room
2023-10-15 17:52:49 INFO  LogerClass:312 - click on search button 
2023-10-15 17:52:50 INFO  LogerClass:58 - get the arrivadate as expectation 
2023-10-15 17:52:50 INFO  LogerClass:75 - ********* we are ready to closed the Browser ***********
2023-10-15 17:53:56 INFO  LogerClass:46 - *******  we are ready to lounch the Chrome browser  ******
2023-10-15 17:54:04 INFO  LogerClass:47 - validate the arrivaldate and depart date 
2023-10-15 17:54:04 INFO  LogerClass:51 - fill the neccessory data to search hotel 
2023-10-15 17:54:04 INFO  LogerClass:64 - login with valid crendential
2023-10-15 17:54:05 INFO  LogerClass:72 - Click on login button 
2023-10-15 17:54:05 INFO  LogerClass:282 - select the location 
2023-10-15 17:54:07 INFO  LogerClass:288 - select the hotel 
2023-10-15 17:54:08 INFO  LogerClass:292 - select the room type 
2023-10-15 17:54:10 INFO  LogerClass:296 - enter the check in date
2023-10-15 17:54:12 INFO  LogerClass:300 - enter the checkout date  
2023-10-15 17:54:13 INFO  LogerClass:304 - select the adult per room 
2023-10-15 17:54:15 INFO  LogerClass:308 - select the children per room
2023-10-15 17:54:17 INFO  LogerClass:312 - click on search button 
2023-10-15 17:54:18 INFO  LogerClass:58 - get the arrivadate as expectation 
2023-10-15 17:54:18 INFO  LogerClass:75 - ********* we are ready to closed the Browser ***********
2023-10-15 17:56:49 INFO  LogerClass:46 - *******  we are ready to lounch the Chrome browser  ******
2023-10-15 17:56:56 INFO  LogerClass:47 - validate the arrivaldate and depart date 
2023-10-15 17:56:56 INFO  LogerClass:51 - fill the neccessory data to search hotel 
2023-10-15 17:56:56 INFO  LogerClass:64 - login with valid crendential
2023-10-15 17:56:57 INFO  LogerClass:72 - Click on login button 
2023-10-15 17:56:57 INFO  LogerClass:282 - select the location 
2023-10-15 17:56:59 INFO  LogerClass:288 - select the hotel 
2023-10-15 17:57:00 INFO  LogerClass:292 - select the room type 
2023-10-15 17:57:02 INFO  LogerClass:296 - enter the check in date
2023-10-15 17:57:04 INFO  LogerClass:300 - enter the checkout date  
2023-10-15 17:57:06 INFO  LogerClass:304 - select the adult per room 
2023-10-15 17:57:07 INFO  LogerClass:308 - select the children per room
2023-10-15 17:57:09 INFO  LogerClass:312 - click on search button 
2023-10-15 17:57:10 INFO  LogerClass:58 - get the arrivadate as expectation 
2023-10-15 17:57:11 INFO  LogerClass:75 - ********* we are ready to closed the Browser ***********
2023-10-15 18:00:59 INFO  LogerClass:46 - *******  we are ready to lounch the Chrome browser  ******
2023-10-15 18:01:15 INFO  LogerClass:36 - log to search hotel first
2023-10-15 18:01:15 INFO  LogerClass:64 - login with valid crendential
2023-10-15 18:01:16 INFO  LogerClass:72 - Click on login button 
2023-10-15 18:01:16 INFO  LogerClass:282 - select the location 
2023-10-15 18:01:18 INFO  LogerClass:288 - select the hotel 
2023-10-15 18:01:20 INFO  LogerClass:292 - select the room type 
2023-10-15 18:01:22 INFO  LogerClass:296 - enter the check in date
2023-10-15 18:01:23 INFO  LogerClass:300 - enter the checkout date  
2023-10-15 18:01:25 INFO  LogerClass:304 - select the adult per room 
2023-10-15 18:01:27 INFO  LogerClass:308 - select the children per room
2023-10-15 18:01:29 INFO  LogerClass:312 - click on search button 
2023-10-15 18:01:29 INFO  LogerClass:44 - select the hotel button
2023-10-15 18:01:30 INFO  LogerClass:49 - fill the neccesory details
2023-10-15 18:01:30 INFO  LogerClass:53 - enter name
2023-10-15 18:01:30 INFO  LogerClass:58 - enter last name  
2023-10-15 18:01:30 INFO  LogerClass:63 - enter address
2023-10-15 18:01:30 INFO  LogerClass:66 - enter credit cards 
2023-10-15 18:01:36 INFO  LogerClass:75 - ********* we are ready to closed the Browser ***********
2023-10-15 18:05:44 INFO  LogerClass:46 - *******  we are ready to lounch the Chrome browser  ******
2023-10-15 18:05:55 INFO  LogerClass:36 - log to search hotel first
2023-10-15 18:05:55 INFO  LogerClass:64 - login with valid crendential
2023-10-15 18:05:56 INFO  LogerClass:72 - Click on login button 
2023-10-15 18:05:56 INFO  LogerClass:282 - select the location 
2023-10-15 18:05:58 INFO  LogerClass:288 - select the hotel 
2023-10-15 18:06:00 INFO  LogerClass:292 - select the room type 
2023-10-15 18:06:02 INFO  LogerClass:296 - enter the check in date
2023-10-15 18:06:03 INFO  LogerClass:300 - enter the checkout date  
2023-10-15 18:06:05 INFO  LogerClass:304 - select the adult per room 
2023-10-15 18:06:07 INFO  LogerClass:308 - select the children per room
2023-10-15 18:06:09 INFO  LogerClass:312 - click on search button 
2023-10-15 18:06:09 INFO  LogerClass:44 - select the hotel button
2023-10-15 18:06:10 INFO  LogerClass:49 - fill the neccesory details
2023-10-15 18:06:10 INFO  LogerClass:53 - enter name
2023-10-15 18:06:10 INFO  LogerClass:58 - enter last name  
2023-10-15 18:06:11 INFO  LogerClass:63 - enter address
2023-10-15 18:06:11 INFO  LogerClass:66 - enter credit cards 
2023-10-15 18:06:18 INFO  LogerClass:75 - ********* we are ready to closed the Browser ***********
2023-10-15 18:06:36 INFO  LogerClass:46 - *******  we are ready to lounch the Chrome browser  ******
2023-10-15 18:06:46 INFO  LogerClass:36 - log to search hotel first
2023-10-15 18:06:46 INFO  LogerClass:64 - login with valid crendential
2023-10-15 18:06:47 INFO  LogerClass:72 - Click on login button 
2023-10-15 18:06:47 INFO  LogerClass:282 - select the location 
2023-10-15 18:06:49 INFO  LogerClass:288 - select the hotel 
2023-10-15 18:06:51 INFO  LogerClass:292 - select the room type 
2023-10-15 18:06:53 INFO  LogerClass:296 - enter the check in date
2023-10-15 18:06:55 INFO  LogerClass:300 - enter the checkout date  
2023-10-15 18:06:56 INFO  LogerClass:304 - select the adult per room 
2023-10-15 18:06:58 INFO  LogerClass:308 - select the children per room
2023-10-15 18:07:00 INFO  LogerClass:312 - click on search button 
2023-10-15 18:07:01 INFO  LogerClass:44 - select the hotel button
2023-10-15 18:07:02 INFO  LogerClass:49 - fill the neccesory details
2023-10-15 18:07:02 INFO  LogerClass:53 - enter name
2023-10-15 18:07:02 INFO  LogerClass:58 - enter last name  
2023-10-15 18:07:02 INFO  LogerClass:63 - enter address
2023-10-15 18:07:02 INFO  LogerClass:66 - enter credit cards 
2023-10-15 18:07:09 INFO  LogerClass:75 - ********* we are ready to closed the Browser ***********
2023-10-15 18:25:41 INFO  LogerClass:46 - *******  we are ready to lounch the Chrome browser  ******
2023-10-15 18:26:03 INFO  LogerClass:47 - validate the arrivaldate and depart date 
2023-10-15 18:26:03 INFO  LogerClass:51 - fill the neccessory data to search hotel 
2023-10-15 18:26:03 INFO  LogerClass:64 - login with valid crendential
2023-10-15 18:26:05 INFO  LogerClass:72 - Click on login button 
2023-10-15 18:26:05 INFO  LogerClass:282 - select the location 
2023-10-15 18:26:09 INFO  LogerClass:288 - select the hotel 
2023-10-15 18:26:11 INFO  LogerClass:292 - select the room type 
2023-10-15 18:26:13 INFO  LogerClass:296 - enter the check in date
2023-10-15 18:26:14 INFO  LogerClass:300 - enter the checkout date  
2023-10-15 18:26:16 INFO  LogerClass:304 - select the adult per room 
2023-10-15 18:26:18 INFO  LogerClass:308 - select the children per room
2023-10-15 18:26:20 INFO  LogerClass:312 - click on search button 
2023-10-15 18:26:22 INFO  LogerClass:58 - get the arrivadate as expectation 
2023-10-15 18:26:22 INFO  LogerClass:75 - ********* we are ready to closed the Browser ***********
2023-10-15 19:03:26 INFO  LogerClass:46 - *******  we are ready to lounch the Chrome browser  ******
2023-10-15 19:03:38 INFO  LogerClass:47 - validate the arrivaldate and depart date 
2023-10-15 19:03:38 INFO  LogerClass:51 - fill the neccessory data to search hotel 
2023-10-15 19:03:38 INFO  LogerClass:64 - login with valid crendential
2023-10-15 19:03:41 INFO  LogerClass:72 - Click on login button 
2023-10-15 19:03:41 INFO  LogerClass:282 - select the location 
2023-10-15 19:03:43 INFO  LogerClass:288 - select the hotel 
2023-10-15 19:03:45 INFO  LogerClass:292 - select the room type 
2023-10-15 19:03:47 INFO  LogerClass:296 - enter the check in date
2023-10-15 19:03:49 INFO  LogerClass:300 - enter the checkout date  
2023-10-15 19:03:51 INFO  LogerClass:304 - select the adult per room 
2023-10-15 19:03:53 INFO  LogerClass:308 - select the children per room
2023-10-15 19:03:56 INFO  LogerClass:312 - click on search button 
2023-10-15 19:03:56 INFO  LogerClass:58 - get the arrivadate as expectation 
2023-10-15 19:03:57 INFO  LogerClass:75 - ********* we are ready to closed the Browser ***********
2023-10-15 19:04:52 INFO  LogerClass:46 - *******  we are ready to lounch the Chrome browser  ******
2023-10-15 19:04:53 INFO  LogerClass:46 - *******  we are ready to lounch the Chrome browser  ******
2023-10-15 19:05:06 INFO  LogerClass:47 - validate the arrivaldate and depart date 
2023-10-15 19:05:06 INFO  LogerClass:51 - fill the neccessory data to search hotel 
2023-10-15 19:05:06 INFO  LogerClass:64 - login with valid crendential
2023-10-15 19:05:07 INFO  LogerClass:72 - Click on login button 
2023-10-15 19:05:07 INFO  LogerClass:282 - select the location 
2023-10-15 19:05:10 INFO  LogerClass:288 - select the hotel 
2023-10-15 19:05:12 INFO  LogerClass:292 - select the room type 
2023-10-15 19:05:13 INFO  LogerClass:47 - validate the arrivaldate and depart date 
2023-10-15 19:05:13 INFO  LogerClass:51 - fill the neccessory data to search hotel 
2023-10-15 19:05:13 INFO  LogerClass:64 - login with valid crendential
2023-10-15 19:05:14 INFO  LogerClass:296 - enter the check in date
2023-10-15 19:05:14 INFO  LogerClass:72 - Click on login button 
2023-10-15 19:05:14 INFO  LogerClass:282 - select the location 
2023-10-15 19:05:16 INFO  LogerClass:300 - enter the checkout date  
2023-10-15 19:05:17 INFO  LogerClass:288 - select the hotel 
2023-10-15 19:05:18 INFO  LogerClass:304 - select the adult per room 
2023-10-15 19:05:19 INFO  LogerClass:292 - select the room type 
2023-10-15 19:05:20 INFO  LogerClass:308 - select the children per room
2023-10-15 19:05:21 INFO  LogerClass:296 - enter the check in date
2023-10-15 19:05:22 INFO  LogerClass:312 - click on search button 
2023-10-15 19:05:23 INFO  LogerClass:58 - get the arrivadate as expectation 
2023-10-15 19:05:23 INFO  LogerClass:300 - enter the checkout date  
2023-10-15 19:05:24 INFO  LogerClass:75 - ********* we are ready to closed the Browser ***********
2023-10-15 19:05:25 INFO  LogerClass:304 - select the adult per room 
2023-10-15 19:05:27 INFO  LogerClass:308 - select the children per room
2023-10-15 19:05:30 INFO  LogerClass:312 - click on search button 
2023-10-15 19:05:55 INFO  LogerClass:58 - get the arrivadate as expectation 
2023-10-15 19:05:56 INFO  LogerClass:75 - ********* we are ready to closed the Browser ***********
2023-10-15 19:08:09 INFO  LogerClass:46 - *******  we are ready to lounch the Chrome browser  ******
2023-10-15 19:08:09 INFO  LogerClass:46 - *******  we are ready to lounch the Chrome browser  ******
2023-10-15 19:08:46 INFO  LogerClass:47 - validate the arrivaldate and depart date 
2023-10-15 19:08:46 INFO  LogerClass:51 - fill the neccessory data to search hotel 
2023-10-15 19:08:46 INFO  LogerClass:64 - login with valid crendential
2023-10-15 19:08:47 INFO  LogerClass:72 - Click on login button 
2023-10-15 19:08:47 INFO  LogerClass:282 - select the location 
2023-10-15 19:08:50 INFO  LogerClass:288 - select the hotel 
2023-10-15 19:08:50 INFO  LogerClass:47 - validate the arrivaldate and depart date 
2023-10-15 19:08:50 INFO  LogerClass:51 - fill the neccessory data to search hotel 
2023-10-15 19:08:50 INFO  LogerClass:64 - login with valid crendential
2023-10-15 19:08:52 INFO  LogerClass:72 - Click on login button 
2023-10-15 19:08:52 INFO  LogerClass:282 - select the location 
2023-10-15 19:08:52 INFO  LogerClass:292 - select the room type 
2023-10-15 19:08:54 INFO  LogerClass:296 - enter the check in date
2023-10-15 19:08:55 INFO  LogerClass:288 - select the hotel 
2023-10-15 19:08:56 INFO  LogerClass:300 - enter the checkout date  
2023-10-15 19:08:57 INFO  LogerClass:292 - select the room type 
2023-10-15 19:08:58 INFO  LogerClass:304 - select the adult per room 
2023-10-15 19:08:59 INFO  LogerClass:296 - enter the check in date
2023-10-15 19:09:00 INFO  LogerClass:308 - select the children per room
2023-10-15 19:09:01 INFO  LogerClass:300 - enter the checkout date  
2023-10-15 19:09:02 INFO  LogerClass:312 - click on search button 
2023-10-15 19:09:03 INFO  LogerClass:304 - select the adult per room 
2023-10-15 19:09:03 INFO  LogerClass:58 - get the arrivadate as expectation 
2023-10-15 19:09:04 INFO  LogerClass:75 - ********* we are ready to closed the Browser ***********
2023-10-15 19:09:05 INFO  LogerClass:308 - select the children per room
2023-10-15 19:09:07 INFO  LogerClass:312 - click on search button 
2023-10-15 19:09:08 INFO  LogerClass:58 - get the arrivadate as expectation 
2023-10-15 19:09:09 INFO  LogerClass:75 - ********* we are ready to closed the Browser ***********
2023-10-15 19:10:30 INFO  LogerClass:46 - *******  we are ready to lounch the Chrome browser  ******
2023-10-15 19:10:39 INFO  LogerClass:47 - validate the arrivaldate and depart date 
2023-10-15 19:10:39 INFO  LogerClass:51 - fill the neccessory data to search hotel 
2023-10-15 19:10:39 INFO  LogerClass:64 - login with valid crendential
2023-10-15 19:10:40 INFO  LogerClass:72 - Click on login button 
2023-10-15 19:10:40 INFO  LogerClass:282 - select the location 
2023-10-15 19:10:42 INFO  LogerClass:288 - select the hotel 
2023-10-15 19:10:44 INFO  LogerClass:292 - select the room type 
2023-10-15 19:10:46 INFO  LogerClass:296 - enter the check in date
2023-10-15 19:10:47 INFO  LogerClass:300 - enter the checkout date  
2023-10-15 19:10:49 INFO  LogerClass:304 - select the adult per room 
2023-10-15 19:10:51 INFO  LogerClass:308 - select the children per room
2023-10-15 19:10:52 INFO  LogerClass:312 - click on search button 
2023-10-15 19:10:53 INFO  LogerClass:58 - get the arrivadate as expectation 
2023-10-15 19:10:54 INFO  LogerClass:75 - ********* we are ready to closed the Browser ***********
2023-10-15 19:11:25 INFO  LogerClass:46 - *******  we are ready to lounch the Chrome browser  ******
2023-10-15 19:11:26 INFO  LogerClass:46 - *******  we are ready to lounch the Chrome browser  ******
2023-10-15 19:11:39 INFO  LogerClass:47 - validate the arrivaldate and depart date 
2023-10-15 19:11:40 INFO  LogerClass:51 - fill the neccessory data to search hotel 
2023-10-15 19:11:40 INFO  LogerClass:64 - login with valid crendential
2023-10-15 19:11:40 INFO  LogerClass:47 - validate the arrivaldate and depart date 
2023-10-15 19:11:40 INFO  LogerClass:51 - fill the neccessory data to search hotel 
2023-10-15 19:11:40 INFO  LogerClass:64 - login with valid crendential
2023-10-15 19:11:41 INFO  LogerClass:72 - Click on login button 
2023-10-15 19:11:41 INFO  LogerClass:282 - select the location 
2023-10-15 19:11:41 INFO  LogerClass:72 - Click on login button 
2023-10-15 19:11:41 INFO  LogerClass:282 - select the location 
2023-10-15 19:11:43 INFO  LogerClass:288 - select the hotel 
2023-10-15 19:11:43 INFO  LogerClass:288 - select the hotel 
2023-10-15 19:11:45 INFO  LogerClass:292 - select the room type 
2023-10-15 19:11:45 INFO  LogerClass:292 - select the room type 
2023-10-15 19:11:47 INFO  LogerClass:296 - enter the check in date
2023-10-15 19:11:47 INFO  LogerClass:296 - enter the check in date
2023-10-15 19:11:48 INFO  LogerClass:300 - enter the checkout date  
2023-10-15 19:11:48 INFO  LogerClass:300 - enter the checkout date  
2023-10-15 19:11:50 INFO  LogerClass:304 - select the adult per room 
2023-10-15 19:11:50 INFO  LogerClass:304 - select the adult per room 
2023-10-15 19:11:52 INFO  LogerClass:308 - select the children per room
2023-10-15 19:11:52 INFO  LogerClass:308 - select the children per room
2023-10-15 19:11:53 INFO  LogerClass:312 - click on search button 
2023-10-15 19:11:54 INFO  LogerClass:312 - click on search button 
2023-10-15 19:11:54 INFO  LogerClass:58 - get the arrivadate as expectation 
2023-10-15 19:11:54 INFO  LogerClass:58 - get the arrivadate as expectation 
2023-10-15 19:11:55 INFO  LogerClass:75 - ********* we are ready to closed the Browser ***********
2023-10-15 19:11:55 INFO  LogerClass:75 - ********* we are ready to closed the Browser ***********
2023-10-15 19:13:00 INFO  LogerClass:46 - *******  we are ready to lounch the Chrome browser  ******
2023-10-15 19:13:10 INFO  LogerClass:47 - validate the arrivaldate and depart date 
2023-10-15 19:13:10 INFO  LogerClass:51 - fill the neccessory data to search hotel 
2023-10-15 19:13:10 INFO  LogerClass:64 - login with valid crendential
2023-10-15 19:13:12 INFO  LogerClass:72 - Click on login button 
2023-10-15 19:13:12 INFO  LogerClass:282 - select the location 
2023-10-15 19:13:14 INFO  LogerClass:288 - select the hotel 
2023-10-15 19:13:16 INFO  LogerClass:292 - select the room type 
2023-10-15 19:13:18 INFO  LogerClass:296 - enter the check in date
2023-10-15 19:13:19 INFO  LogerClass:300 - enter the checkout date  
2023-10-15 19:13:21 INFO  LogerClass:304 - select the adult per room 
2023-10-15 19:13:23 INFO  LogerClass:308 - select the children per room
2023-10-15 19:13:24 INFO  LogerClass:312 - click on search button 
2023-10-15 19:13:25 INFO  LogerClass:58 - get the arrivadate as expectation 
2023-10-15 19:13:26 INFO  LogerClass:75 - ********* we are ready to closed the Browser ***********
2023-10-15 19:14:25 INFO  LogerClass:46 - *******  we are ready to lounch the Chrome browser  ******
2023-10-15 19:14:34 INFO  LogerClass:47 - validate the arrivaldate and depart date 
2023-10-15 19:14:34 INFO  LogerClass:51 - fill the neccessory data to search hotel 
2023-10-15 19:14:34 INFO  LogerClass:64 - login with valid crendential
2023-10-15 19:14:35 INFO  LogerClass:72 - Click on login button 
2023-10-15 19:14:35 INFO  LogerClass:282 - select the location 
2023-10-15 19:14:37 INFO  LogerClass:288 - select the hotel 
2023-10-15 19:14:39 INFO  LogerClass:292 - select the room type 
2023-10-15 19:14:41 INFO  LogerClass:296 - enter the check in date
2023-10-15 19:14:42 INFO  LogerClass:300 - enter the checkout date  
2023-10-15 19:14:44 INFO  LogerClass:304 - select the adult per room 
2023-10-15 19:14:46 INFO  LogerClass:308 - select the children per room
2023-10-15 19:14:47 INFO  LogerClass:312 - click on search button 
2023-10-15 19:14:48 INFO  LogerClass:58 - get the arrivadate as expectation 
2023-10-15 19:14:49 INFO  LogerClass:75 - ********* we are ready to closed the Browser ***********
2023-10-15 21:15:18 INFO  LogerClass:46 - *******  we are ready to lounch the Chrome browser  ******
2023-10-15 21:15:41 INFO  LogerClass:47 - validate the arrivaldate and depart date 
2023-10-15 21:15:41 INFO  LogerClass:51 - fill the neccessory data to search hotel 
2023-10-15 21:15:41 INFO  LogerClass:64 - login with valid crendential
2023-10-15 21:15:43 INFO  LogerClass:72 - Click on login button 
2023-10-15 21:15:43 INFO  LogerClass:282 - select the location 
2023-10-15 21:15:46 INFO  LogerClass:288 - select the hotel 
2023-10-15 21:15:48 INFO  LogerClass:292 - select the room type 
2023-10-15 21:15:50 INFO  LogerClass:296 - enter the check in date
2023-10-15 21:15:51 INFO  LogerClass:300 - enter the checkout date  
2023-10-15 21:15:53 INFO  LogerClass:304 - select the adult per room 
2023-10-15 21:15:55 INFO  LogerClass:308 - select the children per room
2023-10-15 21:15:58 INFO  LogerClass:312 - click on search button 
2023-10-15 21:15:59 INFO  LogerClass:58 - get the arrivadate as expectation 
2023-10-15 21:15:59 INFO  LogerClass:75 - ********* we are ready to closed the Browser ***********
2023-10-15 21:16:57 INFO  LogerClass:46 - *******  we are ready to lounch the Chrome browser  ******
2023-10-15 21:17:25 INFO  LogerClass:47 - validate the arrivaldate and depart date 
2023-10-15 21:17:25 INFO  LogerClass:51 - fill the neccessory data to search hotel 
2023-10-15 21:17:25 INFO  LogerClass:64 - login with valid crendential
2023-10-15 21:17:27 INFO  LogerClass:72 - Click on login button 
2023-10-15 21:17:27 INFO  LogerClass:282 - select the location 
2023-10-15 21:17:30 INFO  LogerClass:288 - select the hotel 
2023-10-15 21:17:32 INFO  LogerClass:292 - select the room type 
2023-10-15 21:17:34 INFO  LogerClass:296 - enter the check in date
2023-10-15 21:17:36 INFO  LogerClass:300 - enter the checkout date  
2023-10-15 21:17:38 INFO  LogerClass:304 - select the adult per room 
2023-10-15 21:17:40 INFO  LogerClass:308 - select the children per room
2023-10-15 21:17:42 INFO  LogerClass:312 - click on search button 
2023-10-15 21:17:43 INFO  LogerClass:58 - get the arrivadate as expectation 
2023-10-15 21:17:44 INFO  LogerClass:75 - ********* we are ready to closed the Browser ***********
2023-10-15 21:17:54 INFO  LogerClass:46 - *******  we are ready to lounch the Chrome browser  ******
2023-10-15 21:18:04 INFO  LogerClass:47 - validate the arrivaldate and depart date 
2023-10-15 21:18:04 INFO  LogerClass:51 - fill the neccessory data to search hotel 
2023-10-15 21:18:04 INFO  LogerClass:64 - login with valid crendential
2023-10-15 21:18:06 INFO  LogerClass:72 - Click on login button 
2023-10-15 21:18:06 INFO  LogerClass:282 - select the location 
2023-10-15 21:18:09 INFO  LogerClass:288 - select the hotel 
2023-10-15 21:18:11 INFO  LogerClass:292 - select the room type 
2023-10-15 21:18:13 INFO  LogerClass:296 - enter the check in date
2023-10-15 21:18:15 INFO  LogerClass:300 - enter the checkout date  
2023-10-15 21:18:17 INFO  LogerClass:304 - select the adult per room 
2023-10-15 21:18:20 INFO  LogerClass:308 - select the children per room
2023-10-15 21:18:22 INFO  LogerClass:312 - click on search button 
2023-10-15 21:18:24 INFO  LogerClass:58 - get the arrivadate as expectation 
2023-10-15 21:18:24 INFO  LogerClass:75 - ********* we are ready to closed the Browser ***********
2023-10-15 21:19:43 INFO  LogerClass:46 - *******  we are ready to lounch the Chrome browser  ******
2023-10-15 21:19:54 INFO  LogerClass:47 - validate the arrivaldate and depart date 
2023-10-15 21:19:54 INFO  LogerClass:51 - fill the neccessory data to search hotel 
2023-10-15 21:19:54 INFO  LogerClass:64 - login with valid crendential
2023-10-15 21:19:56 INFO  LogerClass:72 - Click on login button 
2023-10-15 21:19:56 INFO  LogerClass:282 - select the location 
2023-10-15 21:19:59 INFO  LogerClass:288 - select the hotel 
2023-10-15 21:20:01 INFO  LogerClass:292 - select the room type 
2023-10-15 21:20:03 INFO  LogerClass:296 - enter the check in date
2023-10-15 21:20:05 INFO  LogerClass:300 - enter the checkout date  
2023-10-15 21:20:07 INFO  LogerClass:304 - select the adult per room 
2023-10-15 21:20:09 INFO  LogerClass:308 - select the children per room
2023-10-15 21:20:11 INFO  LogerClass:312 - click on search button 
2023-10-15 21:20:16 INFO  LogerClass:58 - get the arrivadate as expectation 
2023-10-15 21:20:17 INFO  LogerClass:75 - ********* we are ready to closed the Browser ***********
2023-10-15 21:21:02 INFO  LogerClass:46 - *******  we are ready to lounch the Chrome browser  ******
2023-10-15 21:21:18 INFO  LogerClass:47 - validate the arrivaldate and depart date 
2023-10-15 21:21:18 INFO  LogerClass:51 - fill the neccessory data to search hotel 
2023-10-15 21:21:18 INFO  LogerClass:64 - login with valid crendential
2023-10-15 21:21:20 INFO  LogerClass:72 - Click on login button 
2023-10-15 21:21:20 INFO  LogerClass:282 - select the location 
2023-10-15 21:21:22 INFO  LogerClass:288 - select the hotel 
2023-10-15 21:21:24 INFO  LogerClass:292 - select the room type 
2023-10-15 21:21:27 INFO  LogerClass:296 - enter the check in date
2023-10-15 21:21:28 INFO  LogerClass:300 - enter the checkout date  
2023-10-15 21:21:30 INFO  LogerClass:304 - select the adult per room 
2023-10-15 21:21:33 INFO  LogerClass:308 - select the children per room
2023-10-15 21:21:35 INFO  LogerClass:312 - click on search button 
2023-10-15 21:21:36 INFO  LogerClass:58 - get the arrivadate as expectation 
2023-10-15 21:21:37 INFO  LogerClass:75 - ********* we are ready to closed the Browser ***********
2023-10-15 21:28:44 INFO  LogerClass:46 - *******  we are ready to lounch the Chrome browser  ******
2023-10-15 21:29:05 INFO  LogerClass:47 - validate the arrivaldate and depart date 
2023-10-15 21:29:05 INFO  LogerClass:51 - fill the neccessory data to search hotel 
2023-10-15 21:29:05 INFO  LogerClass:64 - login with valid crendential
2023-10-15 21:29:07 INFO  LogerClass:72 - Click on login button 
2023-10-15 21:29:07 INFO  LogerClass:282 - select the location 
2023-10-15 21:29:10 INFO  LogerClass:288 - select the hotel 
2023-10-15 21:29:12 INFO  LogerClass:292 - select the room type 
2023-10-15 21:29:14 INFO  LogerClass:296 - enter the check in date
2023-10-15 21:29:15 INFO  LogerClass:300 - enter the checkout date  
2023-10-15 21:29:17 INFO  LogerClass:304 - select the adult per room 
2023-10-15 21:29:19 INFO  LogerClass:308 - select the children per room
2023-10-15 21:29:21 INFO  LogerClass:312 - click on search button 
2023-10-15 21:29:22 INFO  LogerClass:58 - get the arrivadate as expectation 
2023-10-15 21:29:23 INFO  LogerClass:75 - ********* we are ready to closed the Browser ***********
